<?xml version="1.0" encoding="UTF-8"?>
<!-- Generated by org.testng.reporters.JUnitReportReporter -->
<testsuite hostname="DESKTOP-T8BFVIF" failures="0" tests="1" name="com.actiTime.TestScript.CreateCustomer" time="0.016" errors="0" timestamp="2023-09-27T16:53:49 IST" skipped="0">
  <testcase classname="com.actiTime.TestScript.CreateCustomer" name="test" time="0.016">
    <system-out>
      <![CDATA[create customer]]>
    </system-out>
  </testcase> <!-- test -->
  <system-out>
    <![CDATA[create customer]]>
  </system-out>
</testsuite> <!-- com.actiTime.TestScript.CreateCustomer -->
